<?xml version="1.0" encoding="UTF-8"?>
<!-- Generated by org.testng.reporters.JUnitXMLReporter -->
<testsuite hostname="ZhaoPeng-PC" name="BusinessLoginAction2" tests="7" failures="0" timestamp="15 Dec 2015 01:23:09 GMT" time="13.286" errors="0">
  <testcase name="navigate" time="3.179" classname="com.highpin.test.BusinessLoginAction2"/>
  <testcase name="inputUserName" time="0.257" classname="com.highpin.test.BusinessLoginAction2"/>
  <testcase name="inputPassword" time="0.2" classname="com.highpin.test.BusinessLoginAction2"/>
  <testcase name="inputPostCode" time="0.194" classname="com.highpin.test.BusinessLoginAction2"/>
  <testcase name="loginAction" time="1.709" classname="com.highpin.test.BusinessLoginAction2"/>
  <testcase name="waitFor" time="5.001" classname="com.highpin.test.BusinessLoginAction2"/>
  <testcase name="clickLogout" time="1.048" classname="com.highpin.test.BusinessLoginAction2"/>
</testsuite> <!-- BusinessLoginAction2 -->
