<?xml version="1.0" encoding="UTF-8"?>
<!-- Generated by org.testng.reporters.JUnitXMLReporter -->
<testsuite hostname="ZhaoPeng-PC" name="BusinessLoginAction2" tests="7" failures="0" timestamp="14 Dec 2015 09:24:13 GMT" time="10.183" errors="0">
  <testcase name="navigate" time="0.7" classname="com.highpin.test.BusinessLoginAction2"/>
  <testcase name="inputUserName" time="0.759" classname="com.highpin.test.BusinessLoginAction2"/>
  <testcase name="inputPassword" time="0.204" classname="com.highpin.test.BusinessLoginAction2"/>
  <testcase name="inputPostCode" time="0.23" classname="com.highpin.test.BusinessLoginAction2"/>
  <testcase name="loginAction" time="0.527" classname="com.highpin.test.BusinessLoginAction2"/>
  <testcase name="waitFor" time="5.0" classname="com.highpin.test.BusinessLoginAction2"/>
  <testcase name="clickLogout" time="1.187" classname="com.highpin.test.BusinessLoginAction2"/>
</testsuite> <!-- BusinessLoginAction2 -->
