<?xml version="1.0" encoding="UTF-8"?>
<!-- Generated by org.testng.reporters.JUnitXMLReporter -->
<testsuite hostname="ZhaoPeng-PC" name="BusinessLoginAction1" tests="7" failures="0" timestamp="15 Dec 2015 01:22:56 GMT" time="15.287" errors="0">
  <testcase name="navigate" time="2.775" classname="com.highpin.test.BusinessLoginAction1"/>
  <testcase name="inputUserName" time="0.274" classname="com.highpin.test.BusinessLoginAction1"/>
  <testcase name="inputPassword" time="0.243" classname="com.highpin.test.BusinessLoginAction1"/>
  <testcase name="inputPostCode" time="0.23" classname="com.highpin.test.BusinessLoginAction1"/>
  <testcase name="loginAction" time="1.858" classname="com.highpin.test.BusinessLoginAction1"/>
  <testcase name="waitFor" time="5.001" classname="com.highpin.test.BusinessLoginAction1"/>
  <testcase name="clickLogout" time="1.134" classname="com.highpin.test.BusinessLoginAction1"/>
</testsuite> <!-- BusinessLoginAction1 -->
