<?xml version="1.0" encoding="UTF-8"?>
<!-- Generated by org.testng.reporters.JUnitXMLReporter -->
<testsuite hostname="DESKTOP-M6H8B11" name="LoginAction2" tests="7" failures="0" timestamp="13 Dec 2015 17:08:13 GMT" time="53.009" errors="0">
  <testcase name="navigate" time="9.758" classname="com.highpin.test.LoginAction2"/>
  <testcase name="forwardLoginPage" time="4.833" classname="com.highpin.test.LoginAction2"/>
  <testcase name="inputUserName" time="0.419" classname="com.highpin.test.LoginAction2"/>
  <testcase name="inputPassword" time="0.416" classname="com.highpin.test.LoginAction2"/>
  <testcase name="submitForm" time="7.589" classname="com.highpin.test.LoginAction2"/>
  <testcase name="waitFor" time="5.0" classname="com.highpin.test.LoginAction2"/>
  <testcase name="clickLogout" time="0.477" classname="com.highpin.test.LoginAction2"/>
</testsuite> <!-- LoginAction2 -->
