<?xml version="1.0" encoding="UTF-8"?>
<!-- Generated by org.testng.reporters.JUnitXMLReporter -->
<testsuite hostname="DESKTOP-M6H8B11" name="LoginAction1" tests="7" failures="0" timestamp="13 Dec 2015 17:07:20 GMT" time="45.066" errors="0">
  <testcase name="navigate" time="8.763" classname="com.highpin.test.LoginAction1"/>
  <testcase name="forwardLoginPage" time="3.55" classname="com.highpin.test.LoginAction1"/>
  <testcase name="inputUserName" time="0.51" classname="com.highpin.test.LoginAction1"/>
  <testcase name="inputPassword" time="0.631" classname="com.highpin.test.LoginAction1"/>
  <testcase name="submitForm" time="10.399" classname="com.highpin.test.LoginAction1"/>
  <testcase name="waitFor" time="5.001" classname="com.highpin.test.LoginAction1"/>
  <testcase name="clickLogout" time="10.336" classname="com.highpin.test.LoginAction1"/>
</testsuite> <!-- LoginAction1 -->
